<?xml version="1.0" encoding="UTF-8"?>
<testng-results skipped="0" failed="1" ignored="0" total="1" passed="0">
  <reporter-output>
  </reporter-output>
  <suite name="Default suite" duration-ms="10601" started-at="2021-12-14T13:36:26 BDT" finished-at="2021-12-14T13:36:37 BDT">
    <groups>
    </groups>
    <test name="Default test" duration-ms="10601" started-at="2021-12-14T13:36:26 BDT" finished-at="2021-12-14T13:36:37 BDT">
      <class name="bd.com.FirstAutomation">
        <test-method status="PASS" signature="open()[pri:0, instance:bd.com.FirstAutomation@2d127a61]" name="open" is-config="true" duration-ms="5308" started-at="2021-12-14T13:36:21 BDT" finished-at="2021-12-14T13:36:26 BDT">
          <reporter-output>
          </reporter-output>
        </test-method> <!-- open -->
        <test-method status="FAIL" signature="Daraz()[pri:0, instance:bd.com.FirstAutomation@2d127a61]" name="Daraz" duration-ms="10549" started-at="2021-12-14T13:36:26 BDT" finished-at="2021-12-14T13:36:37 BDT">
          <exception class="org.openqa.selenium.ElementClickInterceptedException">
            <message>
              <![CDATA[element click intercepted: Element <span>...</span> is not clickable at point (174, 148). Other element would receive the click: <div class="airship-html-prompt-shadow"></div>
  (Session info: chrome=95.0.4638.54)
Build info: version: '4.0.0', revision: '3a21814679'
System info: host: 'ABYSS', ip: '192.168.0.104', os.name: 'Windows 10', os.arch: 'amd64', os.version: '10.0', java.version: '1.8.0_311'
Driver info: org.openqa.selenium.chrome.ChromeDriver
Command: [84a70924d71efb8d0529bf8a154eb47d, clickElement {id=28593ec8-5a89-4b91-bfa3-d3f5e096df92}]
Capabilities {acceptInsecureCerts: false, browserName: chrome, browserVersion: 95.0.4638.54, chrome: {chromedriverVersion: 95.0.4638.54 (d31a821ec901f..., userDataDir: C:\Users\ABYSS\AppData\Loca...}, goog:chromeOptions: {debuggerAddress: localhost:13313}, javascriptEnabled: true, networkConnectionEnabled: false, pageLoadStrategy: normal, platform: WINDOWS, platformName: WINDOWS, proxy: Proxy(), se:cdp: ws://localhost:13313/devtoo..., se:cdpVersion: 95.0.4638.54, setWindowRect: true, strictFileInteractability: false, timeouts: {implicit: 0, pageLoad: 300000, script: 30000}, unhandledPromptBehavior: dismiss and notify, webauthn:extension:credBlob: true, webauthn:extension:largeBlob: true, webauthn:virtualAuthenticators: true}
Element: [[ChromeDriver: chrome on WINDOWS (84a70924d71efb8d0529bf8a154eb47d)] -> xpath: //span[normalize-space()='Electronic Accessories']]
Session ID: 84a70924d71efb8d0529bf8a154eb47d]]>
            </message>
            <full-stacktrace>
              <![CDATA[org.openqa.selenium.ElementClickInterceptedException: element click intercepted: Element <span>...</span> is not clickable at point (174, 148). Other element would receive the click: <div class="airship-html-prompt-shadow"></div>
  (Session info: chrome=95.0.4638.54)
Build info: version: '4.0.0', revision: '3a21814679'
System info: host: 'ABYSS', ip: '192.168.0.104', os.name: 'Windows 10', os.arch: 'amd64', os.version: '10.0', java.version: '1.8.0_311'
Driver info: org.openqa.selenium.chrome.ChromeDriver
Command: [84a70924d71efb8d0529bf8a154eb47d, clickElement {id=28593ec8-5a89-4b91-bfa3-d3f5e096df92}]
Capabilities {acceptInsecureCerts: false, browserName: chrome, browserVersion: 95.0.4638.54, chrome: {chromedriverVersion: 95.0.4638.54 (d31a821ec901f..., userDataDir: C:\Users\ABYSS\AppData\Loca...}, goog:chromeOptions: {debuggerAddress: localhost:13313}, javascriptEnabled: true, networkConnectionEnabled: false, pageLoadStrategy: normal, platform: WINDOWS, platformName: WINDOWS, proxy: Proxy(), se:cdp: ws://localhost:13313/devtoo..., se:cdpVersion: 95.0.4638.54, setWindowRect: true, strictFileInteractability: false, timeouts: {implicit: 0, pageLoad: 300000, script: 30000}, unhandledPromptBehavior: dismiss and notify, webauthn:extension:credBlob: true, webauthn:extension:largeBlob: true, webauthn:virtualAuthenticators: true}
Element: [[ChromeDriver: chrome on WINDOWS (84a70924d71efb8d0529bf8a154eb47d)] -> xpath: //span[normalize-space()='Electronic Accessories']]
Session ID: 84a70924d71efb8d0529bf8a154eb47d
at sun.reflect.NativeConstructorAccessorImpl.newInstance0(Native Method)
at sun.reflect.NativeConstructorAccessorImpl.newInstance(NativeConstructorAccessorImpl.java:62)
at sun.reflect.DelegatingConstructorAccessorImpl.newInstance(DelegatingConstructorAccessorImpl.java:45)
at java.lang.reflect.Constructor.newInstance(Constructor.java:423)
at org.openqa.selenium.remote.codec.w3c.W3CHttpResponseCodec.createException(W3CHttpResponseCodec.java:200)
at org.openqa.selenium.remote.codec.w3c.W3CHttpResponseCodec.decode(W3CHttpResponseCodec.java:133)
at org.openqa.selenium.remote.codec.w3c.W3CHttpResponseCodec.decode(W3CHttpResponseCodec.java:53)
at org.openqa.selenium.remote.HttpCommandExecutor.execute(HttpCommandExecutor.java:184)
at org.openqa.selenium.remote.service.DriverCommandExecutor.invokeExecute(DriverCommandExecutor.java:164)
at org.openqa.selenium.remote.service.DriverCommandExecutor.execute(DriverCommandExecutor.java:139)
at org.openqa.selenium.remote.RemoteWebDriver.execute(RemoteWebDriver.java:559)
at org.openqa.selenium.remote.RemoteWebElement.execute(RemoteWebElement.java:251)
at org.openqa.selenium.remote.RemoteWebElement.click(RemoteWebElement.java:77)
at bd.com.FirstAutomation.Daraz(FirstAutomation.java:30)
at sun.reflect.NativeMethodAccessorImpl.invoke0(Native Method)
at sun.reflect.NativeMethodAccessorImpl.invoke(NativeMethodAccessorImpl.java:62)
at sun.reflect.DelegatingMethodAccessorImpl.invoke(DelegatingMethodAccessorImpl.java:43)
at java.lang.reflect.Method.invoke(Method.java:498)
at org.testng.internal.MethodInvocationHelper.invokeMethod(MethodInvocationHelper.java:133)
at org.testng.internal.TestInvoker.invokeMethod(TestInvoker.java:598)
at org.testng.internal.TestInvoker.invokeTestMethod(TestInvoker.java:173)
at org.testng.internal.MethodRunner.runInSequence(MethodRunner.java:46)
at org.testng.internal.TestInvoker$MethodInvocationAgent.invoke(TestInvoker.java:824)
at org.testng.internal.TestInvoker.invokeTestMethods(TestInvoker.java:146)
at org.testng.internal.TestMethodWorker.invokeTestMethods(TestMethodWorker.java:146)
at org.testng.internal.TestMethodWorker.run(TestMethodWorker.java:128)
at java.util.ArrayList.forEach(ArrayList.java:1259)
at org.testng.TestRunner.privateRun(TestRunner.java:794)
at org.testng.TestRunner.run(TestRunner.java:596)
at org.testng.SuiteRunner.runTest(SuiteRunner.java:377)
at org.testng.SuiteRunner.runSequentially(SuiteRunner.java:371)
at org.testng.SuiteRunner.privateRun(SuiteRunner.java:332)
at org.testng.SuiteRunner.run(SuiteRunner.java:276)
at org.testng.SuiteRunnerWorker.runSuite(SuiteRunnerWorker.java:53)
at org.testng.SuiteRunnerWorker.run(SuiteRunnerWorker.java:96)
at org.testng.TestNG.runSuitesSequentially(TestNG.java:1212)
at org.testng.TestNG.runSuitesLocally(TestNG.java:1134)
at org.testng.TestNG.runSuites(TestNG.java:1063)
at org.testng.TestNG.run(TestNG.java:1031)
at org.testng.remote.AbstractRemoteTestNG.run(AbstractRemoteTestNG.java:115)
at org.testng.remote.RemoteTestNG.initAndRun(RemoteTestNG.java:251)
at org.testng.remote.RemoteTestNG.main(RemoteTestNG.java:77)
]]>
            </full-stacktrace>
          </exception> <!-- org.openqa.selenium.ElementClickInterceptedException -->
          <reporter-output>
          </reporter-output>
        </test-method> <!-- Daraz -->
        <test-method status="PASS" signature="close()[pri:0, instance:bd.com.FirstAutomation@2d127a61]" name="close" is-config="true" duration-ms="512" started-at="2021-12-14T13:36:37 BDT" finished-at="2021-12-14T13:36:37 BDT">
          <reporter-output>
          </reporter-output>
        </test-method> <!-- close -->
      </class> <!-- bd.com.FirstAutomation -->
    </test> <!-- Default test -->
  </suite> <!-- Default suite -->
</testng-results>
